<?xml version="1.0" encoding="UTF-8"?>
<TestRun id="74226873-75a4-48d7-a174-05840e7e49df" name="Tony@TONY-PC 2012-09-16 19:14:37" runUser="Tony-PC\Tony" xmlns="http://microsoft.com/schemas/VisualStudio/TeamTest/2010">
  <TestSettings name="Local" id="25bd642a-b510-4f46-b05a-2096196e75d9">
    <Description>These are default test settings for a local test run.</Description>
    <Deployment enabled="false" runDeploymentRoot="Tony_TONY-PC 2012-09-16 19_14_37">
      <DeploymentItem filename="C:\Users\Tony\cs3500\VPNCalculator\VPNCalculator\bin\Debug\VPNCalculator.dll" />
    </Deployment>
    <Execution>
      <TestTypeSpecific />
      <AgentRule name="Execution Agents">
      </AgentRule>
    </Execution>
  </TestSettings>
  <Times creation="2012-09-16T19:14:37.1033914-06:00" queuing="2012-09-16T19:14:37.8644350-06:00" start="2012-09-16T19:14:37.9714411-06:00" finish="2012-09-16T19:15:50.1835714-06:00" />
  <ResultSummary outcome="Error">
    <Counters total="2" executed="1" error="0" failed="0" timeout="0" aborted="1" inconclusive="0" passedButRunAborted="0" notRunnable="0" notExecuted="1" disconnected="0" warning="0" passed="0" completed="0" inProgress="0" pending="0" />
    <RunInfos>
      <RunInfo computerName="TONY-PC" outcome="Error" timestamp="2012-09-16T19:15:50.1825713-06:00">
        <Text>Test host process exited unexpectedly.</Text>
      </RunInfo>
    </RunInfos>
  </ResultSummary>
  <TestDefinitions>
    <UnitTest name="CalculatorConstructorTest" storage="c:\users\tony\cs3500\vpncalculator\testtester\bin\debug\testtester.dll" id="cd00b55d-7572-a2c2-41cc-e55dd81b8ec8">
      <Execution id="30ffd21f-ebb8-448c-99d4-c31602266716" />
      <TestMethod codeBase="C:/Users/Tony/cs3500/VPNCalculator/TestTester/bin/Debug/TestTester.DLL" adapterTypeName="Microsoft.VisualStudio.TestTools.TestTypes.Unit.UnitTestAdapter, Microsoft.VisualStudio.QualityTools.Tips.UnitTest.Adapter, Version=10.0.0.0, Culture=neutral, PublicKeyToken=b03f5f7f11d50a3a" className="TestTester.CalculatorTest, TestTester, Version=1.0.0.0, Culture=neutral, PublicKeyToken=null" name="CalculatorConstructorTest" />
    </UnitTest>
    <UnitTest name="EvaluateTest" storage="c:\users\tony\cs3500\vpncalculator\testtester\bin\debug\testtester.dll" id="e9293774-22f5-9476-37c7-6ca3eb3d8243">
      <Execution id="1c71940b-4951-43dd-b5ad-f23a825b63b2" />
      <TestMethod codeBase="C:/Users/Tony/cs3500/VPNCalculator/TestTester/bin/Debug/TestTester.DLL" adapterTypeName="Microsoft.VisualStudio.TestTools.TestTypes.Unit.UnitTestAdapter, Microsoft.VisualStudio.QualityTools.Tips.UnitTest.Adapter, Version=10.0.0.0, Culture=neutral, PublicKeyToken=b03f5f7f11d50a3a" className="TestTester.CalculatorTest, TestTester, Version=1.0.0.0, Culture=neutral, PublicKeyToken=null" name="EvaluateTest" />
    </UnitTest>
  </TestDefinitions>
  <TestLists>
    <TestList name="Results Not in a List" id="8c84fa94-04c1-424b-9868-57a2d4851a1d" />
    <TestList name="All Loaded Results" id="19431567-8539-422a-85d7-44ee4e166bda" />
  </TestLists>
  <TestEntries>
    <TestEntry testId="e9293774-22f5-9476-37c7-6ca3eb3d8243" executionId="1c71940b-4951-43dd-b5ad-f23a825b63b2" testListId="8c84fa94-04c1-424b-9868-57a2d4851a1d" />
    <TestEntry testId="cd00b55d-7572-a2c2-41cc-e55dd81b8ec8" executionId="30ffd21f-ebb8-448c-99d4-c31602266716" testListId="8c84fa94-04c1-424b-9868-57a2d4851a1d" />
  </TestEntries>
  <Results>
    <UnitTestResult executionId="1c71940b-4951-43dd-b5ad-f23a825b63b2" testId="e9293774-22f5-9476-37c7-6ca3eb3d8243" testName="EvaluateTest" computerName="TONY-PC" duration="00:01:12.1151248" startTime="2012-09-16T19:14:38.0684466-06:00" endTime="2012-09-16T19:15:50.1835714-06:00" testType="13cdc9d9-ddb5-4fa4-a97d-d965ccfc6d4b" outcome="Aborted" testListId="8c84fa94-04c1-424b-9868-57a2d4851a1d" relativeResultsDirectory="1c71940b-4951-43dd-b5ad-f23a825b63b2">
    </UnitTestResult>
    <UnitTestResult executionId="30ffd21f-ebb8-448c-99d4-c31602266716" testId="cd00b55d-7572-a2c2-41cc-e55dd81b8ec8" testName="CalculatorConstructorTest" computerName="TONY-PC" testType="13cdc9d9-ddb5-4fa4-a97d-d965ccfc6d4b" outcome="NotExecuted" testListId="8c84fa94-04c1-424b-9868-57a2d4851a1d" relativeResultsDirectory="30ffd21f-ebb8-448c-99d4-c31602266716">
    </UnitTestResult>
  </Results>
</TestRun>