<?xml version="1.0" encoding="UTF-8"?>
<TestRun id="66c2cc42-ca88-42a4-90ea-3b81e2419541" name="Tony@TONY-PC 2012-09-16 19:02:40" runUser="Tony-PC\Tony" xmlns="http://microsoft.com/schemas/VisualStudio/TeamTest/2010">
  <TestSettings name="Local" id="25bd642a-b510-4f46-b05a-2096196e75d9">
    <Description>These are default test settings for a local test run.</Description>
    <Deployment enabled="false" runDeploymentRoot="Tony_TONY-PC 2012-09-16 19_02_40">
      <DeploymentItem filename="C:\Users\Tony\cs3500\VPNCalculator\VPNCalculator\bin\Debug\VPNCalculator.dll" />
    </Deployment>
    <Execution>
      <TestTypeSpecific />
      <AgentRule name="Execution Agents">
      </AgentRule>
    </Execution>
  </TestSettings>
  <Times creation="2012-09-16T19:02:40.8814259-06:00" queuing="2012-09-16T19:02:40.8874262-06:00" start="2012-09-16T19:02:40.8934266-06:00" finish="2012-09-16T19:02:41.0864376-06:00" />
  <ResultSummary outcome="Completed">
    <Counters total="2" executed="2" passed="2" error="0" failed="0" timeout="0" aborted="0" inconclusive="0" passedButRunAborted="0" notRunnable="0" notExecuted="0" disconnected="0" warning="0" completed="0" inProgress="0" pending="0" />
  </ResultSummary>
  <TestDefinitions>
    <UnitTest name="CalculatorConstructorTest" storage="c:\users\tony\cs3500\vpncalculator\testtester\bin\debug\testtester.dll" id="cd00b55d-7572-a2c2-41cc-e55dd81b8ec8">
      <Execution id="ff5efe37-3e0a-4679-9d4c-3e8e4643ab77" />
      <TestMethod codeBase="C:/Users/Tony/cs3500/VPNCalculator/TestTester/bin/Debug/TestTester.DLL" adapterTypeName="Microsoft.VisualStudio.TestTools.TestTypes.Unit.UnitTestAdapter, Microsoft.VisualStudio.QualityTools.Tips.UnitTest.Adapter, Version=10.0.0.0, Culture=neutral, PublicKeyToken=b03f5f7f11d50a3a" className="TestTester.CalculatorTest, TestTester, Version=1.0.0.0, Culture=neutral, PublicKeyToken=null" name="CalculatorConstructorTest" />
    </UnitTest>
    <UnitTest name="EvaluateTest" storage="c:\users\tony\cs3500\vpncalculator\testtester\bin\debug\testtester.dll" id="e9293774-22f5-9476-37c7-6ca3eb3d8243">
      <Execution id="c34545cd-8a03-492b-a818-6dba5e7eb9ca" />
      <TestMethod codeBase="C:/Users/Tony/cs3500/VPNCalculator/TestTester/bin/Debug/TestTester.DLL" adapterTypeName="Microsoft.VisualStudio.TestTools.TestTypes.Unit.UnitTestAdapter, Microsoft.VisualStudio.QualityTools.Tips.UnitTest.Adapter, Version=10.0.0.0, Culture=neutral, PublicKeyToken=b03f5f7f11d50a3a" className="TestTester.CalculatorTest, TestTester, Version=1.0.0.0, Culture=neutral, PublicKeyToken=null" name="EvaluateTest" />
    </UnitTest>
  </TestDefinitions>
  <TestLists>
    <TestList name="Results Not in a List" id="8c84fa94-04c1-424b-9868-57a2d4851a1d" />
    <TestList name="All Loaded Results" id="19431567-8539-422a-85d7-44ee4e166bda" />
  </TestLists>
  <TestEntries>
    <TestEntry testId="e9293774-22f5-9476-37c7-6ca3eb3d8243" executionId="c34545cd-8a03-492b-a818-6dba5e7eb9ca" testListId="8c84fa94-04c1-424b-9868-57a2d4851a1d" />
    <TestEntry testId="cd00b55d-7572-a2c2-41cc-e55dd81b8ec8" executionId="ff5efe37-3e0a-4679-9d4c-3e8e4643ab77" testListId="8c84fa94-04c1-424b-9868-57a2d4851a1d" />
  </TestEntries>
  <Results>
    <UnitTestResult executionId="c34545cd-8a03-492b-a818-6dba5e7eb9ca" testId="e9293774-22f5-9476-37c7-6ca3eb3d8243" testName="EvaluateTest" computerName="TONY-PC" duration="00:00:00.0168420" startTime="2012-09-16T19:02:40.8944266-06:00" endTime="2012-09-16T19:02:41.0694366-06:00" testType="13cdc9d9-ddb5-4fa4-a97d-d965ccfc6d4b" outcome="Passed" testListId="8c84fa94-04c1-424b-9868-57a2d4851a1d" relativeResultsDirectory="c34545cd-8a03-492b-a818-6dba5e7eb9ca">
    </UnitTestResult>
    <UnitTestResult executionId="ff5efe37-3e0a-4679-9d4c-3e8e4643ab77" testId="cd00b55d-7572-a2c2-41cc-e55dd81b8ec8" testName="CalculatorConstructorTest" computerName="TONY-PC" duration="00:00:00.0002175" startTime="2012-09-16T19:02:41.0704367-06:00" endTime="2012-09-16T19:02:41.0744369-06:00" testType="13cdc9d9-ddb5-4fa4-a97d-d965ccfc6d4b" outcome="Passed" testListId="8c84fa94-04c1-424b-9868-57a2d4851a1d" relativeResultsDirectory="ff5efe37-3e0a-4679-9d4c-3e8e4643ab77">
    </UnitTestResult>
  </Results>
</TestRun>